<?xml version="1.0" encoding="UTF-8"?>
<!-- Generated by org.testng.reporters.JUnitReportReporter -->
<testsuite skipped="0" hostname="THR015-QA" name="PracticeExercises.dependonMethods" tests="3" failures="0" timestamp="25 Apr 2019 19:56:06 GMT" time="0.016" errors="0">
  <testcase name="testThree" time="0.016" classname="PracticeExercises.dependonMethods"/>
  <testcase name="testOne" time="0.000" classname="PracticeExercises.dependonMethods"/>
  <testcase name="testTwo" time="0.000" classname="PracticeExercises.dependonMethods"/>
</testsuite> <!-- PracticeExercises.dependonMethods -->
