<?xml version="1.0" encoding="UTF-8"?>
<!-- Generated by org.testng.reporters.JUnitReportReporter -->
<testsuite skipped="0" hostname="THR015-QA" name="PracticeExercises.ReportersandAsserts" tests="3" failures="0" timestamp="29 Apr 2019 13:15:06 GMT" time="0.028" errors="0">
  <testcase name="testArrays" time="0.028" classname="PracticeExercises.ReportersandAsserts"/>
  <testcase name="testInt" time="0.000" classname="PracticeExercises.ReportersandAsserts"/>
  <testcase name="testStrings" time="0.000" classname="PracticeExercises.ReportersandAsserts"/>
</testsuite> <!-- PracticeExercises.ReportersandAsserts -->
