<?xml version="1.0" encoding="UTF-8"?>
<!-- Generated by org.testng.reporters.JUnitReportReporter -->
<testsuite skipped="0" hostname="THR015-QA" name="PracticeExercises.ClassTwo" tests="1" failures="0" timestamp="25 Apr 2019 18:04:05 GMT" time="11.768" errors="0">
  <testcase name="f" time="11.768" classname="PracticeExercises.ClassTwo"/>
</testsuite> <!-- PracticeExercises.ClassTwo -->
