<?xml version="1.0" encoding="UTF-8"?>
<!-- Generated by org.testng.reporters.JUnitReportReporter -->
<testsuite skipped="0" hostname="THR015-QA" name="PracticeExercises.FirstTestNGGroup" tests="3" failures="0" timestamp="25 Apr 2019 19:00:23 GMT" time="0.028" errors="0">
  <testcase name="Car1" time="0.016" classname="PracticeExercises.FirstTestNGGroup"/>
  <testcase name="Car2" time="0.004" classname="PracticeExercises.FirstTestNGGroup"/>
  <testcase name="Sedan" time="0.008" classname="PracticeExercises.FirstTestNGGroup"/>
</testsuite> <!-- PracticeExercises.FirstTestNGGroup -->
