<?xml version="1.0" encoding="UTF-8"?>
<!-- Generated by org.testng.reporters.JUnitReportReporter -->
<testsuite skipped="0" hostname="THR015-QA" name="PracticeExercises.dependonGroups" tests="3" failures="0" timestamp="25 Apr 2019 19:56:34 GMT" time="0.015" errors="0">
  <testcase name="testTwo" time="0.000" classname="PracticeExercises.dependonGroups"/>
  <testcase name="testOne" time="0.000" classname="PracticeExercises.dependonGroups"/>
  <testcase name="testThree" time="0.015" classname="PracticeExercises.dependonGroups"/>
</testsuite> <!-- PracticeExercises.dependonGroups -->
